thread 5 start
level:0 data: 9
barrier pass
level:1 data: 43
update maximum
level:2 data: 43
update maximum
level:3 data: 24
barrier pass
level:4 data: 45
level:5 data: 36
level:6 data: 54
barrier pass
barrier pass
level:7 data: 71
update maximum
level:8 data: 49
update maximum
level:9 data: 89
level:10 data: 88
level:11 data: 96
update maximum
level:12 data: 90
update maximum
level:13 data: 35
barrier pass
barrier pass
level:14 data: 25
level:15 data: 46
level:16 data: 58
level:17 data: 22
level:18 data: 5
level:19 data: 64
thread 5 stop
